{"/Users/fredyzz/Documents/Cursos/Skylab/skylab-bootcamp-202104-bcn/alfredo-zimperz/challenges/todo-fullstack/backend/src/controllers/tasksController.js": {"path":"/Users/fredyzz/Documents/Cursos/Skylab/skylab-bootcamp-202104-bcn/alfredo-zimperz/challenges/todo-fullstack/backend/src/controllers/tasksController.js","statementMap":{"0":{"start":{"line":1,"column":14},"end":{"line":1,"column":56}},"1":{"start":{"line":2,"column":13},"end":{"line":2,"column":42}},"2":{"start":{"line":6,"column":4},"end":{"line":6,"column":38}},"3":{"start":{"line":7,"column":4},"end":{"line":14,"column":5}},"4":{"start":{"line":8,"column":20},"end":{"line":8,"column":39}},"5":{"start":{"line":9,"column":6},"end":{"line":9,"column":22}},"6":{"start":{"line":10,"column":6},"end":{"line":10,"column":22}},"7":{"start":{"line":12,"column":6},"end":{"line":12,"column":19}},"8":{"start":{"line":13,"column":6},"end":{"line":13,"column":22}},"9":{"start":{"line":18,"column":4},"end":{"line":18,"column":43}},"10":{"start":{"line":19,"column":23},"end":{"line":19,"column":33}},"11":{"start":{"line":20,"column":4},"end":{"line":27,"column":5}},"12":{"start":{"line":21,"column":20},"end":{"line":21,"column":47}},"13":{"start":{"line":22,"column":6},"end":{"line":22,"column":22}},"14":{"start":{"line":23,"column":6},"end":{"line":23,"column":22}},"15":{"start":{"line":25,"column":6},"end":{"line":25,"column":19}},"16":{"start":{"line":26,"column":6},"end":{"line":26,"column":22}},"17":{"start":{"line":31,"column":4},"end":{"line":31,"column":46}},"18":{"start":{"line":32,"column":23},"end":{"line":32,"column":33}},"19":{"start":{"line":33,"column":4},"end":{"line":40,"column":5}},"20":{"start":{"line":34,"column":6},"end":{"line":34,"column":43}},"21":{"start":{"line":35,"column":6},"end":{"line":35,"column":22}},"22":{"start":{"line":36,"column":6},"end":{"line":36,"column":17}},"23":{"start":{"line":38,"column":6},"end":{"line":38,"column":19}},"24":{"start":{"line":39,"column":6},"end":{"line":39,"column":22}},"25":{"start":{"line":44,"column":4},"end":{"line":44,"column":39}},"26":{"start":{"line":45,"column":20},"end":{"line":45,"column":38}},"27":{"start":{"line":46,"column":4},"end":{"line":53,"column":5}},"28":{"start":{"line":47,"column":6},"end":{"line":47,"column":27}},"29":{"start":{"line":48,"column":6},"end":{"line":48,"column":22}},"30":{"start":{"line":49,"column":6},"end":{"line":49,"column":24}},"31":{"start":{"line":51,"column":6},"end":{"line":51,"column":19}},"32":{"start":{"line":52,"column":6},"end":{"line":52,"column":22}},"33":{"start":{"line":57,"column":4},"end":{"line":57,"column":42}},"34":{"start":{"line":58,"column":4},"end":{"line":70,"column":5}},"35":{"start":{"line":59,"column":26},"end":{"line":63,"column":7}},"36":{"start":{"line":64,"column":6},"end":{"line":64,"column":22}},"37":{"start":{"line":65,"column":6},"end":{"line":65,"column":28}},"38":{"start":{"line":67,"column":6},"end":{"line":67,"column":19}},"39":{"start":{"line":68,"column":6},"end":{"line":68,"column":22}},"40":{"start":{"line":69,"column":6},"end":{"line":69,"column":22}},"41":{"start":{"line":73,"column":2},"end":{"line":79,"column":4}},"42":{"start":{"line":81,"column":0},"end":{"line":81,"column":36}}},"fnMap":{"0":{"name":"productsController","decl":{"start":{"line":4,"column":9},"end":{"line":4,"column":27}},"loc":{"start":{"line":4,"column":30},"end":{"line":80,"column":1}},"line":4},"1":{"name":"getAll","decl":{"start":{"line":5,"column":17},"end":{"line":5,"column":23}},"loc":{"start":{"line":5,"column":34},"end":{"line":15,"column":3}},"line":5},"2":{"name":"getTaskById","decl":{"start":{"line":17,"column":17},"end":{"line":17,"column":28}},"loc":{"start":{"line":17,"column":39},"end":{"line":28,"column":3}},"line":17},"3":{"name":"deleteTaskById","decl":{"start":{"line":30,"column":17},"end":{"line":30,"column":31}},"loc":{"start":{"line":30,"column":42},"end":{"line":41,"column":3}},"line":30},"4":{"name":"addTask","decl":{"start":{"line":43,"column":17},"end":{"line":43,"column":24}},"loc":{"start":{"line":43,"column":35},"end":{"line":54,"column":3}},"line":43},"5":{"name":"modifyTask","decl":{"start":{"line":56,"column":17},"end":{"line":56,"column":27}},"loc":{"start":{"line":56,"column":38},"end":{"line":71,"column":3}},"line":56}},"branchMap":{},"s":{"0":2,"1":2,"2":3,"3":3,"4":3,"5":2,"6":2,"7":1,"8":1,"9":3,"10":3,"11":3,"12":3,"13":2,"14":2,"15":1,"16":1,"17":2,"18":2,"19":2,"20":2,"21":1,"22":1,"23":1,"24":1,"25":2,"26":2,"27":2,"28":2,"29":1,"30":1,"31":1,"32":1,"33":2,"34":2,"35":2,"36":1,"37":1,"38":1,"39":1,"40":1,"41":2,"42":2},"f":{"0":2,"1":3,"2":3,"3":2,"4":2,"5":2},"b":{},"_coverageSchema":"1a1c01bbd47fc00a2c39e90264f33305004495a9","hash":"258566b34fa48c77cd73435e8644012ae64110d0"}
,"/Users/fredyzz/Documents/Cursos/Skylab/skylab-bootcamp-202104-bcn/alfredo-zimperz/challenges/todo-fullstack/backend/src/model/taskModel.js": {"path":"/Users/fredyzz/Documents/Cursos/Skylab/skylab-bootcamp-202104-bcn/alfredo-zimperz/challenges/todo-fullstack/backend/src/model/taskModel.js","statementMap":{"0":{"start":{"line":1,"column":17},"end":{"line":1,"column":36}},"1":{"start":{"line":3,"column":19},"end":{"line":7,"column":2}},"2":{"start":{"line":9,"column":0},"end":{"line":9,"column":53}}},"fnMap":{},"branchMap":{},"s":{"0":2,"1":2,"2":2},"f":{},"b":{},"_coverageSchema":"1a1c01bbd47fc00a2c39e90264f33305004495a9","hash":"47561d1d5e44a571fbbd40515fe4678a909465cf"}
}
