TN:
SF:src/controllers/tasksController.js
FN:4,productsController
FN:5,getAll
FN:17,getTaskById
FN:30,deleteTaskById
FN:43,addTask
FN:56,modifyTask
FNF:6
FNH:6
FNDA:2,productsController
FNDA:3,getAll
FNDA:3,getTaskById
FNDA:2,deleteTaskById
FNDA:2,addTask
FNDA:2,modifyTask
DA:1,2
DA:2,2
DA:6,3
DA:7,3
DA:8,3
DA:9,2
DA:10,2
DA:12,1
DA:13,1
DA:18,3
DA:19,3
DA:20,3
DA:21,3
DA:22,2
DA:23,2
DA:25,1
DA:26,1
DA:31,2
DA:32,2
DA:33,2
DA:34,2
DA:35,1
DA:36,1
DA:38,1
DA:39,1
DA:44,2
DA:45,2
DA:46,2
DA:47,2
DA:48,1
DA:49,1
DA:51,1
DA:52,1
DA:57,2
DA:58,2
DA:59,2
DA:64,1
DA:65,1
DA:67,1
DA:68,1
DA:69,1
DA:73,2
DA:81,2
LF:43
LH:43
BRF:0
BRH:0
end_of_record
TN:
SF:src/model/taskModel.js
FNF:0
FNH:0
DA:1,2
DA:3,2
DA:9,2
LF:3
LH:3
BRF:0
BRH:0
end_of_record
